Determining if the pthread_create exist failed with the following output:
Change Dir: /home/mic-730ai/fruitspec/JAI_Acquisition/cmake-build-debug/CMakeFiles/CMakeTmp

Run Build Command:"/usr/bin/make" "cmTC_16aeb/fast"
make[1]: Entering directory '/home/mic-730ai/fruitspec/JAI_Acquisition/cmake-build-debug/CMakeFiles/CMakeTmp'
/usr/bin/make -f CMakeFiles/cmTC_16aeb.dir/build.make CMakeFiles/cmTC_16aeb.dir/build
make[2]: Entering directory '/home/mic-730ai/fruitspec/JAI_Acquisition/cmake-build-debug/CMakeFiles/CMakeTmp'
Building C object CMakeFiles/cmTC_16aeb.dir/CheckSymbolExists.c.o
/usr/bin/cc   -fPIC    -o CMakeFiles/cmTC_16aeb.dir/CheckSymbolExists.c.o   -c /home/mic-730ai/fruitspec/JAI_Acquisition/cmake-build-debug/CMakeFiles/CMakeTmp/CheckSymbolExists.c
Linking C executable cmTC_16aeb
/usr/bin/cmake -E cmake_link_script CMakeFiles/cmTC_16aeb.dir/link.txt --verbose=1
/usr/bin/cc -fPIC     -rdynamic CMakeFiles/cmTC_16aeb.dir/CheckSymbolExists.c.o  -o cmTC_16aeb 
CMakeFiles/cmTC_16aeb.dir/CheckSymbolExists.c.o: In function `main':
CheckSymbolExists.c:(.text+0x14): undefined reference to `pthread_create'
CheckSymbolExists.c:(.text+0x18): undefined reference to `pthread_create'
collect2: error: ld returned 1 exit status
CMakeFiles/cmTC_16aeb.dir/build.make:97: recipe for target 'cmTC_16aeb' failed
make[2]: *** [cmTC_16aeb] Error 1
make[2]: Leaving directory '/home/mic-730ai/fruitspec/JAI_Acquisition/cmake-build-debug/CMakeFiles/CMakeTmp'
Makefile:126: recipe for target 'cmTC_16aeb/fast' failed
make[1]: *** [cmTC_16aeb/fast] Error 2
make[1]: Leaving directory '/home/mic-730ai/fruitspec/JAI_Acquisition/cmake-build-debug/CMakeFiles/CMakeTmp'

File /home/mic-730ai/fruitspec/JAI_Acquisition/cmake-build-debug/CMakeFiles/CMakeTmp/CheckSymbolExists.c:
/* */
#include <pthread.h>

int main(int argc, char** argv)
{
  (void)argv;
#ifndef pthread_create
  return ((int*)(&pthread_create))[argc];
#else
  (void)argc;
  return 0;
#endif
}

Determining if the function pthread_create exists in the pthreads failed with the following output:
Change Dir: /home/mic-730ai/fruitspec/JAI_Acquisition/cmake-build-debug/CMakeFiles/CMakeTmp

Run Build Command:"/usr/bin/make" "cmTC_8295c/fast"
make[1]: Entering directory '/home/mic-730ai/fruitspec/JAI_Acquisition/cmake-build-debug/CMakeFiles/CMakeTmp'
/usr/bin/make -f CMakeFiles/cmTC_8295c.dir/build.make CMakeFiles/cmTC_8295c.dir/build
make[2]: Entering directory '/home/mic-730ai/fruitspec/JAI_Acquisition/cmake-build-debug/CMakeFiles/CMakeTmp'
Building C object CMakeFiles/cmTC_8295c.dir/CheckFunctionExists.c.o
/usr/bin/cc   -fPIC -DCHECK_FUNCTION_EXISTS=pthread_create   -o CMakeFiles/cmTC_8295c.dir/CheckFunctionExists.c.o   -c /usr/share/cmake-3.10/Modules/CheckFunctionExists.c
Linking C executable cmTC_8295c
/usr/bin/cmake -E cmake_link_script CMakeFiles/cmTC_8295c.dir/link.txt --verbose=1
/usr/bin/cc -fPIC -DCHECK_FUNCTION_EXISTS=pthread_create    -rdynamic CMakeFiles/cmTC_8295c.dir/CheckFunctionExists.c.o  -o cmTC_8295c -lpthreads 
/usr/bin/ld: cannot find -lpthreads
collect2: error: ld returned 1 exit status
CMakeFiles/cmTC_8295c.dir/build.make:97: recipe for target 'cmTC_8295c' failed
make[2]: *** [cmTC_8295c] Error 1
make[2]: Leaving directory '/home/mic-730ai/fruitspec/JAI_Acquisition/cmake-build-debug/CMakeFiles/CMakeTmp'
Makefile:126: recipe for target 'cmTC_8295c/fast' failed
make[1]: *** [cmTC_8295c/fast] Error 2
make[1]: Leaving directory '/home/mic-730ai/fruitspec/JAI_Acquisition/cmake-build-debug/CMakeFiles/CMakeTmp'


